오후 1:27:48  [main] 	Initializing Control Panel
오후 1:27:48  [main] 	Windows Version: Windows 7 Ultimate SP1 64-bit
오후 1:27:48  [main] 	XAMPP Version: 7.3.6
오후 1:27:48  [main] 	Control Panel Version: 3.2.4  [ Compiled: Jun 5th 2019 ]
오후 1:27:48  [main] 	Running with Administrator rights - good!
오후 1:27:48  [main] 	XAMPP Installation Directory: "d:\프론트엔드 공유폴더\자료공유\자료실\xampp\"
오후 1:27:48  [main] 	WARNING: Your install directory contains spaces.  This may break programs/scripts
오후 1:27:48  [main] 	Checking for prerequisites
오후 1:27:56  [main] 	All prerequisites found
오후 1:27:56  [main] 	Initializing Modules
오후 1:27:56  [Apache] 	Problem detected!
오후 1:27:56  [Apache] 	Port 80 in use by "Unable to open process" with PID 4940!
오후 1:27:56  [Apache] 	Apache WILL NOT start without the configured ports free!
오후 1:27:56  [Apache] 	You need to uninstall/disable/reconfigure the blocking application
오후 1:27:56  [Apache] 	or reconfigure Apache and the Control Panel to listen on a different port
오후 1:27:56  [Apache] 	Problem detected!
오후 1:27:56  [Apache] 	Port 443 in use by "Unable to open process" with PID 4940!
오후 1:27:56  [Apache] 	Apache WILL NOT start without the configured ports free!
오후 1:27:56  [Apache] 	You need to uninstall/disable/reconfigure the blocking application
오후 1:27:56  [Apache] 	or reconfigure Apache and the Control Panel to listen on a different port
오후 1:27:56  [mysql] 	XAMPP MySQL is already running on port 3306
오후 1:27:56  [main] 	The FileZilla module is disabled
오후 1:27:56  [main] 	The Mercury module is disabled
오후 1:27:56  [main] 	Starting Check-Timer
오후 1:27:56  [main] 	Control Panel Ready
오후 1:28:01  [main] 	Deinitializing Modules
오후 1:28:01  [main] 	Deinitializing Control Panel

오후 2:44:28  [main] 	Initializing Control Panel
오후 2:44:28  [main] 	Windows Version: Windows 7 Ultimate SP1 64-bit
오후 2:44:28  [main] 	XAMPP Version: 7.3.6
오후 2:44:28  [main] 	Control Panel Version: 3.2.4  [ Compiled: Jun 5th 2019 ]
오후 2:44:28  [main] 	Running with Administrator rights - good!
오후 2:44:28  [main] 	XAMPP Installation Directory: "c:\xampp\"
오후 2:44:28  [main] 	Checking for prerequisites
오후 2:44:41  [main] 	All prerequisites found
오후 2:44:41  [main] 	Initializing Modules
오후 2:44:41  [main] 	The FileZilla module is disabled
오후 2:44:41  [main] 	The Mercury module is disabled
오후 2:44:41  [main] 	Starting Check-Timer
오후 2:44:41  [main] 	Control Panel Ready
오후 2:44:45  [Apache] 	Attempting to start Apache app...
오후 2:44:45  [Apache] 	Status change detected: running
오후 2:46:03  [mysql] 	Attempting to start MySQL app...
오후 2:46:03  [mysql] 	Status change detected: running
오후 10:16:20  [main] 	Deinitializing Modules
오후 10:16:20  [main] 	Deinitializing Control Panel

오전 11:32:49  [main] 	Initializing Control Panel
오전 11:32:50  [main] 	Windows Version: Windows 7 Ultimate SP1 64-bit
오전 11:32:50  [main] 	XAMPP Version: 7.3.6
오전 11:32:50  [main] 	Control Panel Version: 3.2.4  [ Compiled: Jun 5th 2019 ]
오전 11:32:50  [main] 	Running with Administrator rights - good!
오전 11:32:50  [main] 	XAMPP Installation Directory: "c:\xampp\"
오전 11:32:50  [main] 	Checking for prerequisites
오전 11:32:50  [main] 	All prerequisites found
오전 11:32:50  [main] 	Initializing Modules
오전 11:32:50  [mysql] 	XAMPP MySQL is already running on port 3306
오전 11:32:50  [main] 	The FileZilla module is disabled
오전 11:32:50  [main] 	The Mercury module is disabled
오전 11:32:50  [main] 	Starting Check-Timer
오전 11:32:50  [main] 	Control Panel Ready
오전 11:33:01  [Apache] 	Status change detected: running
오후 6:13:28  [main] 	Deinitializing Modules
오후 6:13:28  [main] 	Deinitializing Control Panel

오전 11:32:39  [main] 	Initializing Control Panel
오전 11:32:39  [main] 	Windows Version: Windows 7 Ultimate SP1 64-bit
오전 11:32:39  [main] 	XAMPP Version: 7.3.6
오전 11:32:39  [main] 	Control Panel Version: 3.2.4  [ Compiled: Jun 5th 2019 ]
오전 11:32:39  [main] 	Running with Administrator rights - good!
오전 11:32:39  [main] 	XAMPP Installation Directory: "c:\xampp\"
오전 11:32:39  [main] 	Checking for prerequisites
오전 11:32:49  [main] 	All prerequisites found
오전 11:32:49  [main] 	Initializing Modules
오전 11:32:49  [mysql] 	XAMPP MySQL is already running on port 3306
오전 11:32:49  [main] 	The FileZilla module is disabled
오전 11:32:49  [main] 	The Mercury module is disabled
오전 11:32:49  [main] 	Starting Check-Timer
오전 11:32:49  [main] 	Control Panel Ready
오전 11:33:01  [Apache] 	Attempting to start Apache app...
오전 11:33:01  [Apache] 	Status change detected: running
오후 6:13:29  [Apache] 	Status change detected: stopped
오후 6:13:29  [Apache] 	Error: Apache shutdown unexpectedly.
오후 6:13:29  [Apache] 	This may be due to a blocked port, missing dependencies, 
오후 6:13:29  [Apache] 	improper privileges, a crash, or a shutdown by another method.
오후 6:13:29  [Apache] 	Press the Logs button to view error logs and check
오후 6:13:29  [Apache] 	the Windows Event Viewer for more clues
오후 6:13:29  [Apache] 	If you need more help, copy and post this
오후 6:13:29  [Apache] 	entire log window on the forums
오후 6:13:29  [main] 	Deinitializing Modules
오후 6:13:29  [main] 	Deinitializing Control Panel

오전 9:49:35  [main] 	Initializing Control Panel
오전 9:49:35  [main] 	Windows Version: Windows 7 Ultimate SP1 64-bit
오전 9:49:35  [main] 	XAMPP Version: 7.3.6
오전 9:49:35  [main] 	Control Panel Version: 3.2.4  [ Compiled: Jun 5th 2019 ]
오전 9:49:35  [main] 	Running with Administrator rights - good!
오전 9:49:35  [main] 	XAMPP Installation Directory: "c:\xampp\"
오전 9:49:35  [main] 	Checking for prerequisites
오전 9:49:42  [main] 	All prerequisites found
오전 9:49:42  [main] 	Initializing Modules
오전 9:49:42  [main] 	The FileZilla module is disabled
오전 9:49:42  [main] 	The Mercury module is disabled
오전 9:49:42  [main] 	Starting Check-Timer
오전 9:49:42  [main] 	Control Panel Ready
오전 9:49:44  [Apache] 	Attempting to start Apache app...
오전 9:49:44  [Apache] 	Status change detected: running
오전 9:49:45  [mysql] 	Attempting to start MySQL app...
오전 9:49:45  [mysql] 	Status change detected: running
오전 10:40:35  [Apache] 	Attempting to stop Apache (PID: 2312)
오전 10:40:35  [Apache] 	Attempting to stop Apache (PID: 4728)
오전 10:40:35  [Apache] 	Status change detected: stopped
오전 10:40:35  [mysql] 	Attempting to stop MySQL app...
오전 10:40:36  [mysql] 	Status change detected: stopped
오전 10:45:39  [Apache] 	Attempting to start Apache app...
오전 10:45:40  [Apache] 	Status change detected: running
오전 10:45:40  [mysql] 	Attempting to start MySQL app...
오전 10:45:40  [mysql] 	Status change detected: running
오후 12:14:17  [Apache] 	Attempting to stop Apache (PID: 7388)
오후 12:14:17  [Apache] 	Attempting to stop Apache (PID: 4904)
오후 12:14:17  [Apache] 	Status change detected: stopped
오후 12:14:17  [mysql] 	Attempting to stop MySQL app...
오후 12:14:17  [mysql] 	Status change detected: stopped
오후 12:15:33  [Apache] 	Attempting to start Apache app...
오후 12:15:33  [mysql] 	Attempting to start MySQL app...
오후 12:15:33  [Apache] 	Status change detected: running
오후 12:15:33  [mysql] 	Status change detected: running
오후 4:28:46  [Apache] 	Attempting to stop Apache (PID: 7668)
오후 4:28:46  [Apache] 	Attempting to stop Apache (PID: 2884)
오후 4:28:46  [Apache] 	Status change detected: stopped
오후 4:28:46  [mysql] 	Attempting to stop MySQL app...
오후 4:28:46  [mysql] 	Status change detected: stopped
오후 4:28:50  [main] 	Deinitializing Modules
오후 4:28:50  [main] 	Deinitializing Control Panel

