[Thu Apr 02 14:44:46.962867 2020] [ssl:warn] [pid 6620:tid 248] AH01909: www.example.com:443:0 server certificate does NOT include an ID which matches the server name
[Thu Apr 02 14:44:47.022870 2020] [ssl:warn] [pid 6620:tid 248] AH01909: www.example.com:443:0 server certificate does NOT include an ID which matches the server name
[Thu Apr 02 14:44:47.306887 2020] [mpm_winnt:notice] [pid 6620:tid 248] AH00455: Apache/2.4.39 (Win64) OpenSSL/1.1.1c PHP/7.3.6 configured -- resuming normal operations
[Thu Apr 02 14:44:47.306887 2020] [mpm_winnt:notice] [pid 6620:tid 248] AH00456: Apache Lounge VC15 Server built: May 29 2019 11:22:50
[Thu Apr 02 14:44:47.306887 2020] [core:notice] [pid 6620:tid 248] AH00094: Command line: 'c:\\xampp\\apache\\bin\\httpd.exe -d C:/xampp/apache'
[Thu Apr 02 14:44:47.309887 2020] [mpm_winnt:notice] [pid 6620:tid 248] AH00418: Parent: Created child process 2916
[Thu Apr 02 14:44:47.777914 2020] [ssl:warn] [pid 2916:tid 260] AH01909: www.example.com:443:0 server certificate does NOT include an ID which matches the server name
[Thu Apr 02 14:44:47.875919 2020] [ssl:warn] [pid 2916:tid 260] AH01909: www.example.com:443:0 server certificate does NOT include an ID which matches the server name
[Thu Apr 02 14:44:47.901921 2020] [mpm_winnt:notice] [pid 2916:tid 260] AH00354: Child: Starting 150 worker threads.
[Wed May 06 11:32:00.630410 2020] [ssl:warn] [pid 5516:tid 248] AH01909: www.example.com:443:0 server certificate does NOT include an ID which matches the server name
[Wed May 06 11:32:00.782419 2020] [core:warn] [pid 5516:tid 248] AH00098: pid file C:/xampp/apache/logs/httpd.pid overwritten -- Unclean shutdown of previous Apache run?
[Wed May 06 11:32:00.798019 2020] [ssl:warn] [pid 5516:tid 248] AH01909: www.example.com:443:0 server certificate does NOT include an ID which matches the server name
[Wed May 06 11:32:02.091675 2020] [mpm_winnt:notice] [pid 5516:tid 248] AH00455: Apache/2.4.39 (Win64) OpenSSL/1.1.1c PHP/7.3.6 configured -- resuming normal operations
[Wed May 06 11:32:02.092675 2020] [mpm_winnt:notice] [pid 5516:tid 248] AH00456: Apache Lounge VC15 Server built: May 29 2019 11:22:50
[Wed May 06 11:32:02.092675 2020] [core:notice] [pid 5516:tid 248] AH00094: Command line: 'apache\\bin\\httpd.exe -d C:/xampp/apache -f conf\\httpd.conf'
[Wed May 06 11:32:02.094675 2020] [mpm_winnt:notice] [pid 5516:tid 248] AH00418: Parent: Created child process 2132
Apache server shutdown initiated...
sl:warn] [pid 2132:tid 260] AH01909: www.example.com:443:0 server certificate does NOT include an ID which matches the server name
[Wed May 06 11:32:02.572702 2020] [ssl:warn] [pid 2132:tid 260] AH01909: www.example.com:443:0 server certificate does NOT include an ID which matches the server name
[Wed May 06 11:32:02.601704 2020] [mpm_winnt:notice] [pid 2132:tid 260] AH00354: Child: Starting 150 worker threads.
[Wed May 06 11:32:03.893562 2020] [mpm_winnt:notice] [pid 5516:tid 248] AH00422: Parent: Received shutdown signal -- Shutting down the server.
[Wed May 06 11:32:05.894858 2020] [mpm_winnt:notice] [pid 2132:tid 260] AH00364: Child: All worker threads have exited.
[Wed May 06 11:32:05.910458 2020] [mpm_winnt:notice] [pid 5516:tid 248] AH00430: Parent: Child process 2132 exited successfully.
[Wed May 06 11:32:21.113995 2020] [ssl:warn] [pid 4432:tid 248] AH01909: www.example.com:443:0 server certificate does NOT include an ID which matches the server name
[Wed May 06 11:32:21.151997 2020] [ssl:warn] [pid 4432:tid 248] AH01909: www.example.com:443:0 server certificate does NOT include an ID which matches the server name
[Wed May 06 11:32:21.172998 2020] [mpm_winnt:notice] [pid 4432:tid 248] AH00455: Apache/2.4.39 (Win64) OpenSSL/1.1.1c PHP/7.3.6 configured -- resuming normal operations
[Wed May 06 11:32:21.172998 2020] [mpm_winnt:notice] [pid 4432:tid 248] AH00456: Apache Lounge VC15 Server built: May 29 2019 11:22:50
[Wed May 06 11:32:21.172998 2020] [core:notice] [pid 4432:tid 248] AH00094: Command line: 'apache\\bin\\httpd.exe -d C:/xampp/apache -f conf\\httpd.conf'
[Wed May 06 11:32:21.174998 2020] [mpm_winnt:notice] [pid 4432:tid 248] AH00418: Parent: Created child process 4516
Apache server shutdown initiated...
sl:warn] [pid 4516:tid 260] AH01909: www.example.com:443:0 server certificate does NOT include an ID which matches the server name
[Wed May 06 11:32:21.619024 2020] [ssl:warn] [pid 4516:tid 260] AH01909: www.example.com:443:0 server certificate does NOT include an ID which matches the server name
[Wed May 06 11:32:21.652026 2020] [mpm_winnt:notice] [pid 4516:tid 260] AH00354: Child: Starting 150 worker threads.
[Wed May 06 11:32:36.869171 2020] [mpm_winnt:notice] [pid 4432:tid 248] AH00422: Parent: Received shutdown signal -- Shutting down the server.
[Wed May 06 11:32:38.870070 2020] [mpm_winnt:notice] [pid 4516:tid 260] AH00364: Child: All worker threads have exited.
[Wed May 06 11:32:38.885670 2020] [mpm_winnt:notice] [pid 4432:tid 248] AH00430: Parent: Child process 4516 exited successfully.
[Wed May 06 11:33:01.655373 2020] [ssl:warn] [pid 8184:tid 248] AH01909: www.example.com:443:0 server certificate does NOT include an ID which matches the server name
[Wed May 06 11:33:01.704376 2020] [ssl:warn] [pid 8184:tid 248] AH01909: www.example.com:443:0 server certificate does NOT include an ID which matches the server name
[Wed May 06 11:33:01.724377 2020] [mpm_winnt:notice] [pid 8184:tid 248] AH00455: Apache/2.4.39 (Win64) OpenSSL/1.1.1c PHP/7.3.6 configured -- resuming normal operations
[Wed May 06 11:33:01.724377 2020] [mpm_winnt:notice] [pid 8184:tid 248] AH00456: Apache Lounge VC15 Server built: May 29 2019 11:22:50
[Wed May 06 11:33:01.724377 2020] [core:notice] [pid 8184:tid 248] AH00094: Command line: 'c:\\xampp\\apache\\bin\\httpd.exe -d C:/xampp/apache'
[Wed May 06 11:33:01.726377 2020] [mpm_winnt:notice] [pid 8184:tid 248] AH00418: Parent: Created child process 4576
[Wed May 06 11:33:02.083591 2020] [ssl:warn] [pid 4576:tid 260] AH01909: www.example.com:443:0 server certificate does NOT include an ID which matches the server name
[Wed May 06 11:33:02.120593 2020] [ssl:warn] [pid 4576:tid 260] AH01909: www.example.com:443:0 server certificate does NOT include an ID which matches the server name
[Wed May 06 11:33:02.142595 2020] [mpm_winnt:notice] [pid 4576:tid 260] AH00354: Child: Starting 150 worker threads.
[Wed May 06 15:03:58.025775 2020] [php7:crit] [pid 4576:tid 1580] [client ::1:57709] PHP Parse error:  syntax error, unexpected 'INTO' (T_STRING) in C:\\xampp\\htdocs\\test\\index.php on line 19
[Wed May 06 15:04:13.721632 2020] [php7:crit] [pid 4576:tid 1580] [client ::1:57713] PHP Parse error:  syntax error, unexpected 'INTO' (T_STRING) in C:\\xampp\\htdocs\\test\\index.php on line 19
[Wed May 06 15:06:31.450053 2020] [php7:crit] [pid 4576:tid 1580] [client ::1:57745] PHP Parse error:  syntax error, unexpected 'INTO' (T_STRING) in C:\\xampp\\htdocs\\test\\index.php on line 19
[Wed May 06 15:06:54.012432 2020] [php7:crit] [pid 4576:tid 1564] [client ::1:57749] PHP Parse error:  syntax error, unexpected 'into' (T_STRING) in C:\\xampp\\htdocs\\test\\index.php on line 19
[Wed May 06 15:07:58.352599 2020] [php7:crit] [pid 4576:tid 1580] [client ::1:57757] PHP Parse error:  syntax error, unexpected 'INTO' (T_STRING) in C:\\xampp\\htdocs\\test\\index.php on line 19
[Wed May 06 15:09:15.540936 2020] [php7:crit] [pid 4576:tid 1564] [client ::1:57763] PHP Parse error:  syntax error, unexpected 'INTO' (T_STRING) in C:\\xampp\\htdocs\\test\\index.php on line 19
[Wed May 06 15:20:21.646487 2020] [php7:crit] [pid 4576:tid 1580] [client ::1:57853] PHP Parse error:  syntax error, unexpected 'mysqli_query' (T_STRING) in C:\\xampp\\htdocs\\test\\index.php on line 21
[Wed May 06 15:57:15.150095 2020] [php7:warn] [pid 4576:tid 1568] [client ::1:58386] PHP Warning:  date() expects at least 1 parameter, 0 given in C:\\xampp\\htdocs\\test\\insert.php on line 12, referer: http://localhost/test/
[Wed May 06 15:57:27.746259 2020] [php7:error] [pid 4576:tid 1556] [client ::1:58402] PHP Fatal error:  Uncaught Error: Class 'date' not found in C:\\xampp\\htdocs\\test\\insert.php:12\nStack trace:\n#0 {main}\n  thrown in C:\\xampp\\htdocs\\test\\insert.php on line 12, referer: http://localhost/test/
[Wed May 06 15:57:50.986755 2020] [php7:warn] [pid 4576:tid 1568] [client ::1:58407] PHP Warning:  Use of undefined constant y - assumed 'y' (this will throw an Error in a future version of PHP) in C:\\xampp\\htdocs\\test\\insert.php on line 12, referer: http://localhost/test/
[Wed May 06 15:57:50.986755 2020] [php7:warn] [pid 4576:tid 1568] [client ::1:58407] PHP Warning:  Use of undefined constant m - assumed 'm' (this will throw an Error in a future version of PHP) in C:\\xampp\\htdocs\\test\\insert.php on line 12, referer: http://localhost/test/
[Wed May 06 15:57:50.986755 2020] [php7:warn] [pid 4576:tid 1568] [client ::1:58407] PHP Warning:  A non-numeric value encountered in C:\\xampp\\htdocs\\test\\insert.php on line 12, referer: http://localhost/test/
[Wed May 06 15:57:50.986755 2020] [php7:warn] [pid 4576:tid 1568] [client ::1:58407] PHP Warning:  A non-numeric value encountered in C:\\xampp\\htdocs\\test\\insert.php on line 12, referer: http://localhost/test/
[Wed May 06 15:57:50.986755 2020] [php7:warn] [pid 4576:tid 1568] [client ::1:58407] PHP Warning:  Use of undefined constant d - assumed 'd' (this will throw an Error in a future version of PHP) in C:\\xampp\\htdocs\\test\\insert.php on line 12, referer: http://localhost/test/
[Wed May 06 15:57:50.986755 2020] [php7:warn] [pid 4576:tid 1568] [client ::1:58407] PHP Warning:  A non-numeric value encountered in C:\\xampp\\htdocs\\test\\insert.php on line 12, referer: http://localhost/test/
[Thu May 07 09:49:48.999762 2020] [ssl:warn] [pid 2312:tid 248] AH01909: www.example.com:443:0 server certificate does NOT include an ID which matches the server name
[Thu May 07 09:49:49.046562 2020] [core:warn] [pid 2312:tid 248] AH00098: pid file C:/xampp/apache/logs/httpd.pid overwritten -- Unclean shutdown of previous Apache run?
[Thu May 07 09:49:49.046562 2020] [ssl:warn] [pid 2312:tid 248] AH01909: www.example.com:443:0 server certificate does NOT include an ID which matches the server name
[Thu May 07 09:49:49.077762 2020] [mpm_winnt:notice] [pid 2312:tid 248] AH00455: Apache/2.4.39 (Win64) OpenSSL/1.1.1c PHP/7.3.6 configured -- resuming normal operations
[Thu May 07 09:49:49.077762 2020] [mpm_winnt:notice] [pid 2312:tid 248] AH00456: Apache Lounge VC15 Server built: May 29 2019 11:22:50
[Thu May 07 09:49:49.077762 2020] [core:notice] [pid 2312:tid 248] AH00094: Command line: 'c:\\xampp\\apache\\bin\\httpd.exe -d C:/xampp/apache'
[Thu May 07 09:49:49.077762 2020] [mpm_winnt:notice] [pid 2312:tid 248] AH00418: Parent: Created child process 4728
[Thu May 07 09:49:49.530163 2020] [ssl:warn] [pid 4728:tid 260] AH01909: www.example.com:443:0 server certificate does NOT include an ID which matches the server name
[Thu May 07 09:49:49.576963 2020] [ssl:warn] [pid 4728:tid 260] AH01909: www.example.com:443:0 server certificate does NOT include an ID which matches the server name
[Thu May 07 09:49:49.592563 2020] [mpm_winnt:notice] [pid 4728:tid 260] AH00354: Child: Starting 150 worker threads.
[Thu May 07 10:40:35.100032 2020] [mpm_winnt:crit] [pid 4728:tid 260] AH02538: Child: Parent process exited abruptly. Child process is ending
[Thu May 07 10:45:40.563632 2020] [ssl:warn] [pid 7388:tid 248] AH01909: www.example.com:443:0 server certificate does NOT include an ID which matches the server name
[Thu May 07 10:45:40.625234 2020] [core:warn] [pid 7388:tid 248] AH00098: pid file C:/xampp/apache/logs/httpd.pid overwritten -- Unclean shutdown of previous Apache run?
[Thu May 07 10:45:40.627235 2020] [ssl:warn] [pid 7388:tid 248] AH01909: www.example.com:443:0 server certificate does NOT include an ID which matches the server name
[Thu May 07 10:45:40.649236 2020] [mpm_winnt:notice] [pid 7388:tid 248] AH00455: Apache/2.4.39 (Win64) OpenSSL/1.1.1c PHP/7.3.6 configured -- resuming normal operations
[Thu May 07 10:45:40.649236 2020] [mpm_winnt:notice] [pid 7388:tid 248] AH00456: Apache Lounge VC15 Server built: May 29 2019 11:22:50
[Thu May 07 10:45:40.649236 2020] [core:notice] [pid 7388:tid 248] AH00094: Command line: 'c:\\xampp\\apache\\bin\\httpd.exe -d C:/xampp/apache'
[Thu May 07 10:45:40.651236 2020] [mpm_winnt:notice] [pid 7388:tid 248] AH00418: Parent: Created child process 4904
[Thu May 07 10:45:41.160459 2020] [ssl:warn] [pid 4904:tid 260] AH01909: www.example.com:443:0 server certificate does NOT include an ID which matches the server name
[Thu May 07 10:45:41.222859 2020] [ssl:warn] [pid 4904:tid 260] AH01909: www.example.com:443:0 server certificate does NOT include an ID which matches the server name
[Thu May 07 10:45:41.238459 2020] [mpm_winnt:notice] [pid 4904:tid 260] AH00354: Child: Starting 150 worker threads.
[Thu May 07 12:14:17.027185 2020] [mpm_winnt:crit] [pid 4904:tid 260] AH02538: Child: Parent process exited abruptly. Child process is ending
[Thu May 07 12:15:33.923619 2020] [ssl:warn] [pid 7668:tid 248] AH01909: www.example.com:443:0 server certificate does NOT include an ID which matches the server name
[Thu May 07 12:15:33.974622 2020] [core:warn] [pid 7668:tid 248] AH00098: pid file C:/xampp/apache/logs/httpd.pid overwritten -- Unclean shutdown of previous Apache run?
[Thu May 07 12:15:33.976622 2020] [ssl:warn] [pid 7668:tid 248] AH01909: www.example.com:443:0 server certificate does NOT include an ID which matches the server name
[Thu May 07 12:15:33.995623 2020] [mpm_winnt:notice] [pid 7668:tid 248] AH00455: Apache/2.4.39 (Win64) OpenSSL/1.1.1c PHP/7.3.6 configured -- resuming normal operations
[Thu May 07 12:15:33.995623 2020] [mpm_winnt:notice] [pid 7668:tid 248] AH00456: Apache Lounge VC15 Server built: May 29 2019 11:22:50
[Thu May 07 12:15:33.995623 2020] [core:notice] [pid 7668:tid 248] AH00094: Command line: 'c:\\xampp\\apache\\bin\\httpd.exe -d C:/xampp/apache'
[Thu May 07 12:15:33.997623 2020] [mpm_winnt:notice] [pid 7668:tid 248] AH00418: Parent: Created child process 2884
[Thu May 07 12:15:34.398043 2020] [ssl:warn] [pid 2884:tid 260] AH01909: www.example.com:443:0 server certificate does NOT include an ID which matches the server name
[Thu May 07 12:15:34.444843 2020] [ssl:warn] [pid 2884:tid 260] AH01909: www.example.com:443:0 server certificate does NOT include an ID which matches the server name
[Thu May 07 12:15:34.460443 2020] [mpm_winnt:notice] [pid 2884:tid 260] AH00354: Child: Starting 150 worker threads.
[Thu May 07 12:41:10.951813 2020] [php7:warn] [pid 2884:tid 1528] [client ::1:52085] PHP Warning:  mkdir(): File exists in C:\\xampp\\htdocs\\PHP200\xec\xa0\x9c\\php\\85-mkdir.php on line 3, referer: http://localhost/
[Thu May 07 13:14:49.529157 2020] [php7:notice] [pid 2884:tid 1528] [client ::1:53216] PHP Notice:  Undefined variable: root in C:\\xampp\\htdocs\\PHP200\xec\xa0\x9c\\php\\72-2-include-once.php on line 2, referer: http://localhost/
[Thu May 07 14:56:24.606638 2020] [php7:notice] [pid 2884:tid 1512] [client ::1:53568] PHP Notice:  Undefined variable: str in C:\\xampp\\htdocs\\PHP200\xec\xa0\x9c\\php\\example.php on line 14, referer: http://localhost/
[Thu May 07 15:53:50.922163 2020] [php7:notice] [pid 2884:tid 1520] [client ::1:53915] PHP Notice:  Undefined index: pw in C:\\xampp\\htdocs\\PHP200\xec\xa0\x9c\\php\\ex_join\\request_ok.php on line 3, referer: http://localhost/ex_join/request.php
[Thu May 07 15:53:50.922163 2020] [php7:notice] [pid 2884:tid 1520] [client ::1:53915] PHP Notice:  Undefined index: city in C:\\xampp\\htdocs\\PHP200\xec\xa0\x9c\\php\\ex_join\\request_ok.php on line 5, referer: http://localhost/ex_join/request.php
[Thu May 07 15:54:05.181688 2020] [php7:notice] [pid 2884:tid 1508] [client ::1:53918] PHP Notice:  Undefined index: pw in C:\\xampp\\htdocs\\PHP200\xec\xa0\x9c\\php\\ex_join\\request_ok.php on line 3, referer: http://localhost/ex_join/request.php
[Thu May 07 15:54:05.181688 2020] [php7:notice] [pid 2884:tid 1508] [client ::1:53918] PHP Notice:  Undefined index: city in C:\\xampp\\htdocs\\PHP200\xec\xa0\x9c\\php\\ex_join\\request_ok.php on line 5, referer: http://localhost/ex_join/request.php
[Thu May 07 15:55:34.029096 2020] [php7:notice] [pid 2884:tid 1520] [client ::1:53924] PHP Notice:  Undefined index: pw in C:\\xampp\\htdocs\\PHP200\xec\xa0\x9c\\php\\ex_join\\request_ok.php on line 3, referer: http://localhost/ex_join/request.php
[Thu May 07 15:55:34.029096 2020] [php7:notice] [pid 2884:tid 1520] [client ::1:53924] PHP Notice:  Undefined index: city in C:\\xampp\\htdocs\\PHP200\xec\xa0\x9c\\php\\ex_join\\request_ok.php on line 5, referer: http://localhost/ex_join/request.php
[Thu May 07 15:56:18.825758 2020] [php7:notice] [pid 2884:tid 1508] [client ::1:53930] PHP Notice:  Undefined index: pw in C:\\xampp\\htdocs\\PHP200\xec\xa0\x9c\\php\\ex_join\\request_ok.php on line 3, referer: http://localhost/ex_join/request.php
[Thu May 07 15:56:18.826758 2020] [php7:notice] [pid 2884:tid 1508] [client ::1:53930] PHP Notice:  Undefined index: city in C:\\xampp\\htdocs\\PHP200\xec\xa0\x9c\\php\\ex_join\\request_ok.php on line 5, referer: http://localhost/ex_join/request.php
[Thu May 07 15:57:02.012156 2020] [php7:notice] [pid 2884:tid 1520] [client ::1:53936] PHP Notice:  Undefined index: pw in C:\\xampp\\htdocs\\PHP200\xec\xa0\x9c\\php\\ex_join\\request_ok.php on line 3, referer: http://localhost/ex_join/request.php
[Thu May 07 15:57:02.012156 2020] [php7:notice] [pid 2884:tid 1520] [client ::1:53936] PHP Notice:  Undefined index: city in C:\\xampp\\htdocs\\PHP200\xec\xa0\x9c\\php\\ex_join\\request_ok.php on line 5, referer: http://localhost/ex_join/request.php
[Thu May 07 15:57:06.224914 2020] [php7:notice] [pid 2884:tid 1520] [client ::1:53936] PHP Notice:  Undefined index: pw in C:\\xampp\\htdocs\\PHP200\xec\xa0\x9c\\php\\ex_join\\request_ok.php on line 3, referer: http://localhost/ex_join/request.php
[Thu May 07 15:57:06.224914 2020] [php7:notice] [pid 2884:tid 1520] [client ::1:53936] PHP Notice:  Undefined index: city in C:\\xampp\\htdocs\\PHP200\xec\xa0\x9c\\php\\ex_join\\request_ok.php on line 5, referer: http://localhost/ex_join/request.php
[Thu May 07 15:58:42.978509 2020] [php7:notice] [pid 2884:tid 1508] [client ::1:53944] PHP Notice:  Undefined index: pw in C:\\xampp\\htdocs\\PHP200\xec\xa0\x9c\\php\\ex_join\\request_ok.php on line 3, referer: http://localhost/ex_join/request.php
[Thu May 07 15:58:42.978509 2020] [php7:notice] [pid 2884:tid 1508] [client ::1:53944] PHP Notice:  Undefined index: city in C:\\xampp\\htdocs\\PHP200\xec\xa0\x9c\\php\\ex_join\\request_ok.php on line 5, referer: http://localhost/ex_join/request.php
[Thu May 07 15:58:43.681549 2020] [php7:notice] [pid 2884:tid 1508] [client ::1:53944] PHP Notice:  Undefined index: pw in C:\\xampp\\htdocs\\PHP200\xec\xa0\x9c\\php\\ex_join\\request_ok.php on line 3, referer: http://localhost/ex_join/request.php
[Thu May 07 15:58:43.681549 2020] [php7:notice] [pid 2884:tid 1508] [client ::1:53944] PHP Notice:  Undefined index: city in C:\\xampp\\htdocs\\PHP200\xec\xa0\x9c\\php\\ex_join\\request_ok.php on line 5, referer: http://localhost/ex_join/request.php
[Thu May 07 15:58:44.010167 2020] [php7:notice] [pid 2884:tid 1508] [client ::1:53944] PHP Notice:  Undefined index: pw in C:\\xampp\\htdocs\\PHP200\xec\xa0\x9c\\php\\ex_join\\request_ok.php on line 3, referer: http://localhost/ex_join/request.php
[Thu May 07 15:58:44.010167 2020] [php7:notice] [pid 2884:tid 1508] [client ::1:53944] PHP Notice:  Undefined index: city in C:\\xampp\\htdocs\\PHP200\xec\xa0\x9c\\php\\ex_join\\request_ok.php on line 5, referer: http://localhost/ex_join/request.php
[Thu May 07 15:58:44.185177 2020] [php7:notice] [pid 2884:tid 1508] [client ::1:53944] PHP Notice:  Undefined index: pw in C:\\xampp\\htdocs\\PHP200\xec\xa0\x9c\\php\\ex_join\\request_ok.php on line 3, referer: http://localhost/ex_join/request.php
[Thu May 07 15:58:44.185177 2020] [php7:notice] [pid 2884:tid 1508] [client ::1:53944] PHP Notice:  Undefined index: city in C:\\xampp\\htdocs\\PHP200\xec\xa0\x9c\\php\\ex_join\\request_ok.php on line 5, referer: http://localhost/ex_join/request.php
[Thu May 07 15:58:45.836668 2020] [php7:notice] [pid 2884:tid 1508] [client ::1:53944] PHP Notice:  Undefined index: pw in C:\\xampp\\htdocs\\PHP200\xec\xa0\x9c\\php\\ex_join\\request_ok.php on line 3, referer: http://localhost/ex_join/request.php
[Thu May 07 15:58:45.836668 2020] [php7:notice] [pid 2884:tid 1508] [client ::1:53944] PHP Notice:  Undefined index: city in C:\\xampp\\htdocs\\PHP200\xec\xa0\x9c\\php\\ex_join\\request_ok.php on line 5, referer: http://localhost/ex_join/request.php
[Thu May 07 15:58:50.321282 2020] [php7:notice] [pid 2884:tid 1508] [client ::1:53944] PHP Notice:  Undefined index: pw in C:\\xampp\\htdocs\\PHP200\xec\xa0\x9c\\php\\ex_join\\request_ok.php on line 3, referer: http://localhost/ex_join/request.php
[Thu May 07 15:58:50.321282 2020] [php7:notice] [pid 2884:tid 1508] [client ::1:53944] PHP Notice:  Undefined index: city in C:\\xampp\\htdocs\\PHP200\xec\xa0\x9c\\php\\ex_join\\request_ok.php on line 5, referer: http://localhost/ex_join/request.php
[Thu May 07 15:58:50.465290 2020] [php7:notice] [pid 2884:tid 1508] [client ::1:53944] PHP Notice:  Undefined index: pw in C:\\xampp\\htdocs\\PHP200\xec\xa0\x9c\\php\\ex_join\\request_ok.php on line 3, referer: http://localhost/ex_join/request.php
[Thu May 07 15:58:50.465290 2020] [php7:notice] [pid 2884:tid 1508] [client ::1:53944] PHP Notice:  Undefined index: city in C:\\xampp\\htdocs\\PHP200\xec\xa0\x9c\\php\\ex_join\\request_ok.php on line 5, referer: http://localhost/ex_join/request.php
[Thu May 07 15:58:50.626300 2020] [php7:notice] [pid 2884:tid 1508] [client ::1:53944] PHP Notice:  Undefined index: pw in C:\\xampp\\htdocs\\PHP200\xec\xa0\x9c\\php\\ex_join\\request_ok.php on line 3, referer: http://localhost/ex_join/request.php
[Thu May 07 15:58:50.626300 2020] [php7:notice] [pid 2884:tid 1508] [client ::1:53944] PHP Notice:  Undefined index: city in C:\\xampp\\htdocs\\PHP200\xec\xa0\x9c\\php\\ex_join\\request_ok.php on line 5, referer: http://localhost/ex_join/request.php
[Thu May 07 15:58:50.809310 2020] [php7:notice] [pid 2884:tid 1508] [client ::1:53944] PHP Notice:  Undefined index: pw in C:\\xampp\\htdocs\\PHP200\xec\xa0\x9c\\php\\ex_join\\request_ok.php on line 3, referer: http://localhost/ex_join/request.php
[Thu May 07 15:58:50.809310 2020] [php7:notice] [pid 2884:tid 1508] [client ::1:53944] PHP Notice:  Undefined index: city in C:\\xampp\\htdocs\\PHP200\xec\xa0\x9c\\php\\ex_join\\request_ok.php on line 5, referer: http://localhost/ex_join/request.php
[Thu May 07 15:58:50.977320 2020] [php7:notice] [pid 2884:tid 1508] [client ::1:53944] PHP Notice:  Undefined index: pw in C:\\xampp\\htdocs\\PHP200\xec\xa0\x9c\\php\\ex_join\\request_ok.php on line 3, referer: http://localhost/ex_join/request.php
[Thu May 07 15:58:50.977320 2020] [php7:notice] [pid 2884:tid 1508] [client ::1:53944] PHP Notice:  Undefined index: city in C:\\xampp\\htdocs\\PHP200\xec\xa0\x9c\\php\\ex_join\\request_ok.php on line 5, referer: http://localhost/ex_join/request.php
[Thu May 07 16:15:55.915659 2020] [php7:crit] [pid 2884:tid 1508] [client ::1:54047] PHP Parse error:  syntax error, unexpected ';', expecting ')' in C:\\xampp\\htdocs\\PHP200\xec\xa0\x9c\\php\\ex_join\\request_ok.php on line 6, referer: http://localhost/ex_join/request.php
[Thu May 07 16:16:17.481745 2020] [php7:warn] [pid 2884:tid 1520] [client ::1:54052] PHP Warning:  Invalid argument supplied for foreach() in C:\\xampp\\htdocs\\PHP200\xec\xa0\x9c\\php\\ex_join\\request_ok.php on line 21, referer: http://localhost/ex_join/request.php
[Thu May 07 16:16:29.205204 2020] [php7:warn] [pid 2884:tid 1508] [client ::1:54055] PHP Warning:  Invalid argument supplied for foreach() in C:\\xampp\\htdocs\\PHP200\xec\xa0\x9c\\php\\ex_join\\request_ok.php on line 21, referer: http://localhost/ex_join/request.php
[Thu May 07 16:16:31.274701 2020] [php7:warn] [pid 2884:tid 1508] [client ::1:54055] PHP Warning:  Invalid argument supplied for foreach() in C:\\xampp\\htdocs\\PHP200\xec\xa0\x9c\\php\\ex_join\\request_ok.php on line 21, referer: http://localhost/ex_join/request.php
[Thu May 07 16:28:46.067750 2020] [mpm_winnt:crit] [pid 2884:tid 260] AH02538: Child: Parent process exited abruptly. Child process is ending
[Fri May 08 09:48:29.238042 2020] [ssl:warn] [pid 6312:tid 248] AH01909: www.example.com:443:0 server certificate does NOT include an ID which matches the server name
[Fri May 08 09:48:29.338048 2020] [core:warn] [pid 6312:tid 248] AH00098: pid file C:/xampp/apache/logs/httpd.pid overwritten -- Unclean shutdown of previous Apache run?
[Fri May 08 09:48:29.340048 2020] [ssl:warn] [pid 6312:tid 248] AH01909: www.example.com:443:0 server certificate does NOT include an ID which matches the server name
[Fri May 08 09:48:29.366049 2020] [mpm_winnt:notice] [pid 6312:tid 248] AH00455: Apache/2.4.39 (Win64) OpenSSL/1.1.1c PHP/7.3.6 configured -- resuming normal operations
[Fri May 08 09:48:29.366049 2020] [mpm_winnt:notice] [pid 6312:tid 248] AH00456: Apache Lounge VC15 Server built: May 29 2019 11:22:50
[Fri May 08 09:48:29.366049 2020] [core:notice] [pid 6312:tid 248] AH00094: Command line: 'c:\\xampp\\apache\\bin\\httpd.exe -d C:/xampp/apache'
[Fri May 08 09:48:29.369049 2020] [mpm_winnt:notice] [pid 6312:tid 248] AH00418: Parent: Created child process 6424
[Fri May 08 09:48:29.812075 2020] [ssl:warn] [pid 6424:tid 260] AH01909: www.example.com:443:0 server certificate does NOT include an ID which matches the server name
[Fri May 08 09:48:29.873078 2020] [ssl:warn] [pid 6424:tid 260] AH01909: www.example.com:443:0 server certificate does NOT include an ID which matches the server name
[Fri May 08 09:48:29.898080 2020] [mpm_winnt:notice] [pid 6424:tid 260] AH00354: Child: Starting 150 worker threads.
[Fri May 08 09:59:49.370838 2020] [php7:warn] [pid 6424:tid 1508] [client ::1:49844] PHP Warning:  Use of undefined constant root - assumed 'root' (this will throw an Error in a future version of PHP) in C:\\xampp\\htdocs\\PHP200\xec\xa0\x9c\\php\\ex_join\\request_ok.php on line 3, referer: http://localhost/ex_join/request.php
[Fri May 08 09:59:49.370838 2020] [php7:notice] [pid 6424:tid 1508] [client ::1:49844] PHP Notice:  Undefined index: s in C:\\xampp\\htdocs\\PHP200\xec\xa0\x9c\\php\\ex_join\\request_ok.php on line 8, referer: http://localhost/ex_join/request.php
[Fri May 08 09:59:49.370838 2020] [php7:notice] [pid 6424:tid 1508] [client ::1:49844] PHP Notice:  Undefined index: what in C:\\xampp\\htdocs\\PHP200\xec\xa0\x9c\\php\\ex_join\\request_ok.php on line 10, referer: http://localhost/ex_join/request.php
[Fri May 08 09:59:49.370838 2020] [php7:warn] [pid 6424:tid 1508] [client ::1:49844] PHP Warning:  implode(): Invalid arguments passed in C:\\xampp\\htdocs\\PHP200\xec\xa0\x9c\\php\\ex_join\\request_ok.php on line 10, referer: http://localhost/ex_join/request.php
[Fri May 08 10:00:22.990094 2020] [php7:notice] [pid 6424:tid 1520] [client ::1:49851] PHP Notice:  Undefined index: s in C:\\xampp\\htdocs\\PHP200\xec\xa0\x9c\\php\\ex_join\\request_ok.php on line 9, referer: http://localhost/ex_join/request.php
[Fri May 08 10:00:22.990094 2020] [php7:notice] [pid 6424:tid 1520] [client ::1:49851] PHP Notice:  Undefined index: what in C:\\xampp\\htdocs\\PHP200\xec\xa0\x9c\\php\\ex_join\\request_ok.php on line 11, referer: http://localhost/ex_join/request.php
[Fri May 08 10:00:22.990094 2020] [php7:warn] [pid 6424:tid 1520] [client ::1:49851] PHP Warning:  implode(): Invalid arguments passed in C:\\xampp\\htdocs\\PHP200\xec\xa0\x9c\\php\\ex_join\\request_ok.php on line 11, referer: http://localhost/ex_join/request.php
[Fri May 08 10:02:26.206824 2020] [php7:notice] [pid 6424:tid 1508] [client ::1:49865] PHP Notice:  Undefined index: s in C:\\xampp\\htdocs\\PHP200\xec\xa0\x9c\\php\\ex_join\\request_ok.php on line 9, referer: http://localhost/ex_join/request.php
[Fri May 08 10:02:26.206824 2020] [php7:notice] [pid 6424:tid 1508] [client ::1:49865] PHP Notice:  Undefined index: what in C:\\xampp\\htdocs\\PHP200\xec\xa0\x9c\\php\\ex_join\\request_ok.php on line 11, referer: http://localhost/ex_join/request.php
[Fri May 08 10:02:26.206824 2020] [php7:warn] [pid 6424:tid 1508] [client ::1:49865] PHP Warning:  implode(): Invalid arguments passed in C:\\xampp\\htdocs\\PHP200\xec\xa0\x9c\\php\\ex_join\\request_ok.php on line 11, referer: http://localhost/ex_join/request.php
[Fri May 08 10:02:27.445274 2020] [php7:notice] [pid 6424:tid 1508] [client ::1:49865] PHP Notice:  Undefined index: s in C:\\xampp\\htdocs\\PHP200\xec\xa0\x9c\\php\\ex_join\\request_ok.php on line 9, referer: http://localhost/ex_join/request.php
[Fri May 08 10:02:27.445274 2020] [php7:notice] [pid 6424:tid 1508] [client ::1:49865] PHP Notice:  Undefined index: what in C:\\xampp\\htdocs\\PHP200\xec\xa0\x9c\\php\\ex_join\\request_ok.php on line 11, referer: http://localhost/ex_join/request.php
[Fri May 08 10:02:27.445274 2020] [php7:warn] [pid 6424:tid 1508] [client ::1:49865] PHP Warning:  implode(): Invalid arguments passed in C:\\xampp\\htdocs\\PHP200\xec\xa0\x9c\\php\\ex_join\\request_ok.php on line 11, referer: http://localhost/ex_join/request.php
[Fri May 08 10:02:28.152315 2020] [php7:notice] [pid 6424:tid 1508] [client ::1:49865] PHP Notice:  Undefined index: s in C:\\xampp\\htdocs\\PHP200\xec\xa0\x9c\\php\\ex_join\\request_ok.php on line 9, referer: http://localhost/ex_join/request.php
[Fri May 08 10:02:28.152315 2020] [php7:notice] [pid 6424:tid 1508] [client ::1:49865] PHP Notice:  Undefined index: what in C:\\xampp\\htdocs\\PHP200\xec\xa0\x9c\\php\\ex_join\\request_ok.php on line 11, referer: http://localhost/ex_join/request.php
[Fri May 08 10:02:28.152315 2020] [php7:warn] [pid 6424:tid 1508] [client ::1:49865] PHP Warning:  implode(): Invalid arguments passed in C:\\xampp\\htdocs\\PHP200\xec\xa0\x9c\\php\\ex_join\\request_ok.php on line 11, referer: http://localhost/ex_join/request.php
[Fri May 08 10:51:40.757139 2020] [php7:notice] [pid 6424:tid 1508] [client ::1:50501] PHP Notice:  Undefined variable: dbConnect in C:\\xampp\\htdocs\\PHP200\xec\xa0\x9c\\php\\ex_join\\request_ok.php on line 23, referer: http://localhost/ex_join/request.php
[Fri May 08 10:51:40.757139 2020] [php7:warn] [pid 6424:tid 1508] [client ::1:50501] PHP Warning:  mysqli_query() expects parameter 1 to be mysqli, null given in C:\\xampp\\htdocs\\PHP200\xec\xa0\x9c\\php\\ex_join\\request_ok.php on line 23, referer: http://localhost/ex_join/request.php
[Fri May 08 10:52:07.053259 2020] [php7:notice] [pid 6424:tid 1528] [client ::1:50507] PHP Notice:  Undefined variable: dbConnect in C:\\xampp\\htdocs\\PHP200\xec\xa0\x9c\\php\\ex_join\\request_ok.php on line 23, referer: http://localhost/ex_join/request.php
[Fri May 08 10:52:07.053259 2020] [php7:warn] [pid 6424:tid 1528] [client ::1:50507] PHP Warning:  mysqli_query() expects parameter 1 to be mysqli, null given in C:\\xampp\\htdocs\\PHP200\xec\xa0\x9c\\php\\ex_join\\request_ok.php on line 23, referer: http://localhost/ex_join/request.php
[Fri May 08 11:42:23.849057 2020] [php7:notice] [pid 6424:tid 1508] [client ::1:50806] PHP Notice:  Undefined variable: num in C:\\xampp\\htdocs\\PHP200\xec\xa0\x9c\\php\\ex_join\\modify.php on line 5, referer: http://localhost/ex_join/index.php
[Fri May 08 11:43:32.187830 2020] [php7:notice] [pid 6424:tid 1528] [client ::1:50818] PHP Notice:  Undefined variable: num in C:\\xampp\\htdocs\\PHP200\xec\xa0\x9c\\php\\ex_join\\modify.php on line 5, referer: http://localhost/ex_join/index.php
[Fri May 08 11:43:57.983771 2020] [php7:notice] [pid 6424:tid 1508] [client ::1:50824] PHP Notice:  Undefined variable: num in C:\\xampp\\htdocs\\PHP200\xec\xa0\x9c\\php\\ex_join\\modify.php on line 5, referer: http://localhost/ex_join/index.php
[Fri May 08 11:43:57.997772 2020] [php7:warn] [pid 6424:tid 1508] [client ::1:50824] PHP Warning:  mysqli_fetch_array() expects parameter 1 to be mysqli_result, bool given in C:\\xampp\\htdocs\\PHP200\xec\xa0\x9c\\php\\ex_join\\modify.php on line 7, referer: http://localhost/ex_join/index.php
[Fri May 08 11:43:57.997772 2020] [php7:warn] [pid 6424:tid 1508] [client ::1:50824] PHP Warning:  mysqli_fetch_array() expects parameter 1 to be mysqli_result, bool given in C:\\xampp\\htdocs\\PHP200\xec\xa0\x9c\\php\\ex_join\\modify.php on line 35, referer: http://localhost/ex_join/index.php
[Fri May 08 11:44:10.515845 2020] [php7:notice] [pid 6424:tid 1528] [client ::1:50829] PHP Notice:  Undefined variable: num in C:\\xampp\\htdocs\\PHP200\xec\xa0\x9c\\php\\ex_join\\modify.php on line 5, referer: http://localhost/ex_join/index.php
[Fri May 08 11:45:32.145405 2020] [php7:notice] [pid 6424:tid 1508] [client ::1:50840] PHP Notice:  Undefined variable: num in C:\\xampp\\htdocs\\PHP200\xec\xa0\x9c\\php\\ex_join\\modify.php on line 5, referer: http://localhost/ex_join/index.php
[Fri May 08 11:46:09.105041 2020] [php7:notice] [pid 6424:tid 1528] [client ::1:50847] PHP Notice:  Undefined variable: num in C:\\xampp\\htdocs\\PHP200\xec\xa0\x9c\\php\\ex_join\\modify.php on line 5, referer: http://localhost/ex_join/index.php
[Fri May 08 11:52:20.130498 2020] [php7:notice] [pid 6424:tid 1508] [client ::1:50892] PHP Notice:  Undefined index: what in C:\\xampp\\htdocs\\PHP200\xec\xa0\x9c\\php\\ex_join\\request_ok.php on line 6, referer: http://localhost/ex_join/modify.php?num=1
[Fri May 08 11:52:20.130498 2020] [php7:warn] [pid 6424:tid 1508] [client ::1:50892] PHP Warning:  implode(): Invalid arguments passed in C:\\xampp\\htdocs\\PHP200\xec\xa0\x9c\\php\\ex_join\\request_ok.php on line 6, referer: http://localhost/ex_join/modify.php?num=1
[Fri May 08 14:43:28.832291 2020] [php7:notice] [pid 6424:tid 1596] [client ::1:52006] PHP Notice:  Undefined index: what in C:\\xampp\\htdocs\\PHP200\xec\xa0\x9c\\php\\ex_join\\request_ok.php on line 9, referer: http://localhost/ex_join/modify.php?num=3
[Fri May 08 14:43:28.832291 2020] [php7:warn] [pid 6424:tid 1596] [client ::1:52006] PHP Warning:  implode(): Invalid arguments passed in C:\\xampp\\htdocs\\PHP200\xec\xa0\x9c\\php\\ex_join\\request_ok.php on line 9, referer: http://localhost/ex_join/modify.php?num=3
[Fri May 08 15:14:13.789317 2020] [php7:notice] [pid 6424:tid 1528] [client ::1:52234] PHP Notice:  Undefined index: num in C:\\xampp\\htdocs\\PHP200\xec\xa0\x9c\\php\\ex_join\\delete.php on line 5, referer: http://localhost/ex_join/index.php
[Fri May 08 15:14:27.444390 2020] [php7:notice] [pid 6424:tid 1596] [client ::1:52238] PHP Notice:  Undefined index: num in C:\\xampp\\htdocs\\PHP200\xec\xa0\x9c\\php\\ex_join\\delete.php on line 5, referer: http://localhost/ex_join/index.php
[Fri May 08 15:15:14.662714 2020] [php7:notice] [pid 6424:tid 1528] [client ::1:52244] PHP Notice:  Undefined index: num in C:\\xampp\\htdocs\\PHP200\xec\xa0\x9c\\php\\ex_join\\delete.php on line 4, referer: http://localhost/ex_join/index.php
[Fri May 08 15:15:17.657648 2020] [php7:notice] [pid 6424:tid 1528] [client ::1:52244] PHP Notice:  Undefined index: num in C:\\xampp\\htdocs\\PHP200\xec\xa0\x9c\\php\\ex_join\\delete.php on line 4, referer: http://localhost/ex_join/index.php
[Fri May 08 15:15:19.787770 2020] [php7:notice] [pid 6424:tid 1528] [client ::1:52244] PHP Notice:  Undefined index: num in C:\\xampp\\htdocs\\PHP200\xec\xa0\x9c\\php\\ex_join\\delete.php on line 4, referer: http://localhost/ex_join/index.php
[Fri May 08 15:15:39.966273 2020] [php7:notice] [pid 6424:tid 1528] [client ::1:52254] PHP Notice:  Undefined index: num in C:\\xampp\\htdocs\\PHP200\xec\xa0\x9c\\php\\ex_join\\delete.php on line 4, referer: http://localhost/ex_join/index.php
[Fri May 08 15:15:46.652435 2020] [php7:notice] [pid 6424:tid 1528] [client ::1:52254] PHP Notice:  Undefined index: num in C:\\xampp\\htdocs\\PHP200\xec\xa0\x9c\\php\\ex_join\\delete.php on line 4, referer: http://localhost/ex_join/index.php
[Fri May 08 15:16:39.142421 2020] [php7:notice] [pid 6424:tid 1528] [client ::1:52262] PHP Notice:  Undefined index: num in C:\\xampp\\htdocs\\PHP200\xec\xa0\x9c\\php\\ex_join\\delete.php on line 4, referer: http://localhost/ex_join/index.php
[Fri May 08 15:16:56.790767 2020] [php7:notice] [pid 6424:tid 1596] [client ::1:52270] PHP Notice:  Undefined index: num in C:\\xampp\\htdocs\\PHP200\xec\xa0\x9c\\php\\ex_join\\delete.php on line 4, referer: http://localhost/ex_join/index.php
[Fri May 08 17:43:09.127613 2020] [php7:warn] [pid 6424:tid 1496] [client ::1:53199] PHP Warning:  Invalid argument supplied for foreach() in C:\\xampp\\htdocs\\PHP200\xec\xa0\x9c\\php\\file\\upload_ok2.php on line 7, referer: http://localhost/file/upload2.php
[Fri May 08 17:43:25.532003 2020] [php7:notice] [pid 6424:tid 1596] [client ::1:53204] PHP Notice:  Undefined variable: files in C:\\xampp\\htdocs\\PHP200\xec\xa0\x9c\\php\\file\\upload_ok2.php on line 7, referer: http://localhost/file/upload2.php
[Fri May 08 17:43:25.532003 2020] [php7:warn] [pid 6424:tid 1596] [client ::1:53204] PHP Warning:  Invalid argument supplied for foreach() in C:\\xampp\\htdocs\\PHP200\xec\xa0\x9c\\php\\file\\upload_ok2.php on line 7, referer: http://localhost/file/upload2.php
[Fri May 08 17:52:23.704033 2020] [php7:warn] [pid 6424:tid 1496] [client ::1:53341] PHP Warning:  Invalid argument supplied for foreach() in C:\\xampp\\htdocs\\PHP200\xec\xa0\x9c\\php\\file\\upload_ok2.php on line 7, referer: http://localhost/file/upload2.php
[Fri May 08 17:52:23.705033 2020] [php7:notice] [pid 6424:tid 1496] [client ::1:53341] PHP Notice:  Undefined variable: name in C:\\xampp\\htdocs\\PHP200\xec\xa0\x9c\\php\\file\\upload_ok2.php on line 29, referer: http://localhost/file/upload2.php
[Fri May 08 17:52:23.705033 2020] [php7:notice] [pid 6424:tid 1496] [client ::1:53341] PHP Notice:  Undefined variable: name in C:\\xampp\\htdocs\\PHP200\xec\xa0\x9c\\php\\file\\upload_ok2.php on line 29, referer: http://localhost/file/upload2.php
